# JRE version: OpenJDK Runtime Environment Temurin-17.0.6+10 (17.0.6+10) (build 17.0.6+10)
# Java VM: OpenJDK 64-Bit Server VM Temurin-17.0.6+10 (17.0.6+10, mixed mode, tiered, compressed oops, compressed class ptrs, g1 gc, linux-amd64)
GC Precious Log:
 CPUs: 4 total, 4 available
 Memory: 3808M
 Large Page Support: Disabled
 NUMA Support: Disabled
 Compressed Oops: Enabled (32-bit)
 Heap Region Size: 1M
 Heap Min Capacity: 64M
 Heap Initial Capacity: 64M
 Heap Max Capacity: 1G
 Pre-touch: Disabled
 Parallel Workers: 4
 Concurrent Workers: 1
 Concurrent Refinement Workers: 4
 Periodic GC: Disabled
Heap:
 garbage-first heap   total 134144K, used 51514K [0x00000000c0000000, 0x0000000100000000)
  region size 1024K, 8 young (8192K), 1 survivors (1024K)
 Metaspace       used 88367K, committed 90560K, reserved 1130496K
  class space    used 11124K, committed 12096K, reserved 1048576K
GC Heap History (20 events):
Event: 8830.057 GC heap before
{Heap before GC invocations=44 (full 0):
 garbage-first heap   total 134144K, used 115682K [0x00000000c0000000, 0x0000000100000000)
  region size 1024K, 67 young (68608K), 1 survivors (1024K)
 Metaspace       used 88343K, committed 90560K, reserved 1130496K
  class space    used 11127K, committed 12096K, reserved 1048576K
}
Event: 8830.065 GC heap after
{Heap after GC invocations=45 (full 0):
 garbage-first heap   total 134144K, used 47913K [0x00000000c0000000, 0x0000000100000000)
  region size 1024K, 1 young (1024K), 1 survivors (1024K)
 Metaspace       used 88343K, committed 90560K, reserved 1130496K
  class space    used 11127K, committed 12096K, reserved 1048576K
}
Event: 10178.762 GC heap before
{Heap before GC invocations=46 (full 0):
 garbage-first heap   total 134144K, used 116521K [0x00000000c0000000, 0x0000000100000000)
  region size 1024K, 68 young (69632K), 1 survivors (1024K)
 Metaspace       used 88330K, committed 90560K, reserved 1130496K
  class space    used 11124K, committed 12096K, reserved 1048576K
}
Event: 10178.776 GC heap after
{Heap after GC invocations=47 (full 0):
 garbage-first heap   total 134144K, used 47887K [0x00000000c0000000, 0x0000000100000000)
  region size 1024K, 1 young (1024K), 1 survivors (1024K)
 Metaspace       used 88330K, committed 90560K, reserved 1130496K
  class space    used 11124K, committed 12096K, reserved 1048576K
}
Event: 10265.959 GC heap before
{Heap before GC invocations=47 (full 0):
 garbage-first heap   total 134144K, used 53007K [0x00000000c0000000, 0x0000000100000000)
  region size 1024K, 6 young (6144K), 1 survivors (1024K)
 Metaspace       used 88332K, committed 90560K, reserved 1130496K
  class space    used 11124K, committed 12096K, reserved 1048576K
}
Event: 10265.966 GC heap after
{Heap after GC invocations=48 (full 0):
 garbage-first heap   total 134144K, used 46669K [0x00000000c0000000, 0x0000000100000000)
  region size 1024K, 1 young (1024K), 1 survivors (1024K)
 Metaspace       used 88332K, committed 90560K, reserved 1130496K
  class space    used 11124K, committed 12096K, reserved 1048576K
}
Event: 11626.944 GC heap before
{Heap before GC invocations=48 (full 0):
 garbage-first heap   total 134144K, used 116301K [0x00000000c0000000, 0x0000000100000000)
  region size 1024K, 69 young (70656K), 1 survivors (1024K)
 Metaspace       used 88364K, committed 90560K, reserved 1130496K
  class space    used 11124K, committed 12096K, reserved 1048576K
}
Event: 11626.952 GC heap after
{Heap after GC invocations=49 (full 0):
 garbage-first heap   total 134144K, used 46673K [0x00000000c0000000, 0x0000000100000000)
  region size 1024K, 1 young (1024K), 1 survivors (1024K)
 Metaspace       used 88364K, committed 90560K, reserved 1130496K
  class space    used 11124K, committed 12096K, reserved 1048576K
}
Event: 12987.878 GC heap before
{Heap before GC invocations=50 (full 0):
 garbage-first heap   total 134144K, used 116305K [0x00000000c0000000, 0x0000000100000000)
  region size 1024K, 69 young (70656K), 1 survivors (1024K)
 Metaspace       used 88364K, committed 90560K, reserved 1130496K
  class space    used 11124K, committed 12096K, reserved 1048576K
}
Event: 12987.892 GC heap after
{Heap after GC invocations=51 (full 0):
 garbage-first heap   total 134144K, used 46671K [0x00000000c0000000, 0x0000000100000000)
  region size 1024K, 1 young (1024K), 1 survivors (1024K)
 Metaspace       used 88364K, committed 90560K, reserved 1130496K
  class space    used 11124K, committed 12096K, reserved 1048576K
}
Event: 13074.186 GC heap before
{Heap before GC invocations=51 (full 0):
 garbage-first heap   total 134144K, used 51791K [0x00000000c0000000, 0x0000000100000000)
  region size 1024K, 6 young (6144K), 1 survivors (1024K)
 Metaspace       used 88364K, committed 90560K, reserved 1130496K
  class space    used 11124K, committed 12096K, reserved 1048576K
}
Event: 13074.208 GC heap after
{Heap after GC invocations=52 (full 0):
 garbage-first heap   total 134144K, used 45992K [0x00000000c0000000, 0x0000000100000000)
  region size 1024K, 1 young (1024K), 1 survivors (1024K)
 Metaspace       used 88364K, committed 90560K, reserved 1130496K
  class space    used 11124K, committed 12096K, reserved 1048576K
}
Event: 14478.008 GC heap before
{Heap before GC invocations=52 (full 0):
 garbage-first heap   total 134144K, used 117672K [0x00000000c0000000, 0x0000000100000000)
  region size 1024K, 71 young (72704K), 1 survivors (1024K)
 Metaspace       used 88364K, committed 90560K, reserved 1130496K
  class space    used 11124K, committed 12096K, reserved 1048576K
}
Event: 14478.015 GC heap after
{Heap after GC invocations=53 (full 0):
 garbage-first heap   total 134144K, used 45996K [0x00000000c0000000, 0x0000000100000000)
  region size 1024K, 1 young (1024K), 1 survivors (1024K)
 Metaspace       used 88364K, committed 90560K, reserved 1130496K
  class space    used 11124K, committed 12096K, reserved 1048576K
}
Event: 15881.734 GC heap before
{Heap before GC invocations=54 (full 0):
 garbage-first heap   total 134144K, used 117676K [0x00000000c0000000, 0x0000000100000000)
  region size 1024K, 71 young (72704K), 1 survivors (1024K)
 Metaspace       used 88366K, committed 90560K, reserved 1130496K
  class space    used 11124K, committed 12096K, reserved 1048576K
}
Event: 15881.739 GC heap after
{Heap after GC invocations=55 (full 0):
 garbage-first heap   total 134144K, used 46003K [0x00000000c0000000, 0x0000000100000000)
  region size 1024K, 1 young (1024K), 1 survivors (1024K)
 Metaspace       used 88366K, committed 90560K, reserved 1130496K
  class space    used 11124K, committed 12096K, reserved 1048576K
}
Event: 15968.570 GC heap before
{Heap before GC invocations=55 (full 0):
 garbage-first heap   total 134144K, used 51123K [0x00000000c0000000, 0x0000000100000000)
  region size 1024K, 6 young (6144K), 1 survivors (1024K)
 Metaspace       used 88366K, committed 90560K, reserved 1130496K
  class space    used 11124K, committed 12096K, reserved 1048576K
}
Event: 15968.621 GC heap after
{Heap after GC invocations=56 (full 0):
 garbage-first heap   total 134144K, used 45363K [0x00000000c0000000, 0x0000000100000000)
  region size 1024K, 1 young (1024K), 1 survivors (1024K)
 Metaspace       used 88366K, committed 90560K, reserved 1130496K
  class space    used 11124K, committed 12096K, reserved 1048576K
}
Event: 17385.819 GC heap before
{Heap before GC invocations=56 (full 0):
 garbage-first heap   total 134144K, used 117043K [0x00000000c0000000, 0x0000000100000000)
  region size 1024K, 71 young (72704K), 1 survivors (1024K)
 Metaspace       used 88366K, committed 90560K, reserved 1130496K
  class space    used 11124K, committed 12096K, reserved 1048576K
}
Event: 17385.829 GC heap after
{Heap after GC invocations=57 (full 0):
 garbage-first heap   total 134144K, used 45370K [0x00000000c0000000, 0x0000000100000000)
  region size 1024K, 1 young (1024K), 1 survivors (1024K)
 Metaspace       used 88366K, committed 90560K, reserved 1130496K
  class space    used 11124K, committed 12096K, reserved 1048576K
}

